Start testing: Jun 09 12:48 CEST
----------------------------------------------------------
1/1 Testing: TEST_GTEST
1/1 Test: TEST_GTEST
Command: "/home/sanjay/Sanjay_c++/C++/gtest/build/app/TEST1"
Directory: /home/sanjay/Sanjay_c++/C++/gtest/build/app
"TEST_GTEST" start time: Jun 09 12:48 CEST
Output:
----------------------------------------------------------
[==========] Running 2 tests from 1 test case.
[----------] Global test environment set-up.
[----------] 2 tests from Gtest_run
[ RUN      ] Gtest_run.test0
[       OK ] Gtest_run.test0 (0 ms)
[ RUN      ] Gtest_run.test1
/home/sanjay/Sanjay_c++/C++/gtest/src/app/test/test.cc:15: Failure
      Expected: 11
To be equal to: result
      Which is: 1
[  FAILED  ] Gtest_run.test1 (0 ms)
[----------] 2 tests from Gtest_run (0 ms total)

[----------] Global test environment tear-down
[==========] 2 tests from 1 test case ran. (0 ms total)
[  PASSED  ] 1 test.
[  FAILED  ] 1 test, listed below:
[  FAILED  ] Gtest_run.test1

 1 FAILED TEST
<end of output>
Test time =   0.00 sec
----------------------------------------------------------
Test Failed.
"TEST_GTEST" end time: Jun 09 12:48 CEST
"TEST_GTEST" time elapsed: 00:00:00
----------------------------------------------------------

End testing: Jun 09 12:48 CEST
